  main.c
F:\CAU_HW\1-2\Programming\Calendar\main.c(24,14): warning C4996: 'localtime': This function or variable may be unsafe. Consider using localtime_s instead. To disable deprecation, use _CRT_SECURE_NO_WARNINGS. See online help for details.
F:\CAU_HW\1-2\Programming\Calendar\main.c(44,7): warning C4996: 'kbhit': The POSIX name for this item is deprecated. Instead, use the ISO C and C++ conformant name: _kbhit. See online help for details.
F:\CAU_HW\1-2\Programming\Calendar\main.c(45,16): warning C4996: 'getch': The POSIX name for this item is deprecated. Instead, use the ISO C and C++ conformant name: _getch. See online help for details.
F:\CAU_HW\1-2\Programming\Calendar\main.c(147,23): warning C4047: '=': 'char' differs in levels of indirection from 'void *'
F:\CAU_HW\1-2\Programming\Calendar\main.c(132,1): warning C4047: 'initializing': 'char' differs in levels of indirection from 'void *'
F:\CAU_HW\1-2\Programming\Calendar\main.c(133,2): warning C4996: 'strcpy': This function or variable may be unsafe. Consider using strcpy_s instead. To disable deprecation, use _CRT_SECURE_NO_WARNINGS. See online help for details.
F:\CAU_HW\1-2\Programming\Calendar\main.c(138,8): warning C4996: 'kbhit': The POSIX name for this item is deprecated. Instead, use the ISO C and C++ conformant name: _kbhit. See online help for details.
F:\CAU_HW\1-2\Programming\Calendar\main.c(139,14): warning C4996: 'getch': The POSIX name for this item is deprecated. Instead, use the ISO C and C++ conformant name: _getch. See online help for details.
F:\CAU_HW\1-2\Programming\Calendar\main.c(145,1): warning C4267: 'initializing': conversion from 'size_t' to 'int', possible loss of data
F:\CAU_HW\1-2\Programming\Calendar\main.c(149,9): warning C4996: 'strcpy': This function or variable may be unsafe. Consider using strcpy_s instead. To disable deprecation, use _CRT_SECURE_NO_WARNINGS. See online help for details.
F:\CAU_HW\1-2\Programming\Calendar\main.c(155,4): warning C4996: 'strcat': This function or variable may be unsafe. Consider using strcat_s instead. To disable deprecation, use _CRT_SECURE_NO_WARNINGS. See online help for details.
F:\CAU_HW\1-2\Programming\Calendar\main.c(158,3): warning C4996: 'strcpy': This function or variable may be unsafe. Consider using strcpy_s instead. To disable deprecation, use _CRT_SECURE_NO_WARNINGS. See online help for details.
F:\CAU_HW\1-2\Programming\Calendar\main.c(159,3): warning C4996: 'strcat': This function or variable may be unsafe. Consider using strcat_s instead. To disable deprecation, use _CRT_SECURE_NO_WARNINGS. See online help for details.
F:\CAU_HW\1-2\Programming\Calendar\main.c(182,1): warning C4047: 'initializing': 'char' differs in levels of indirection from 'void *'
F:\CAU_HW\1-2\Programming\Calendar\main.c(183,2): warning C4996: 'strcpy': This function or variable may be unsafe. Consider using strcpy_s instead. To disable deprecation, use _CRT_SECURE_NO_WARNINGS. See online help for details.
F:\CAU_HW\1-2\Programming\Calendar\main.c(189,8): warning C4996: 'kbhit': The POSIX name for this item is deprecated. Instead, use the ISO C and C++ conformant name: _kbhit. See online help for details.
F:\CAU_HW\1-2\Programming\Calendar\main.c(190,14): warning C4996: 'getch': The POSIX name for this item is deprecated. Instead, use the ISO C and C++ conformant name: _getch. See online help for details.
F:\CAU_HW\1-2\Programming\Calendar\main.c(225,2): warning C4996: 'strcpy': This function or variable may be unsafe. Consider using strcpy_s instead. To disable deprecation, use _CRT_SECURE_NO_WARNINGS. See online help for details.
  Calendar.vcxproj -> F:\CAU_HW\1-2\Programming\Calendar\x64\Debug\Calendar.exe
